packages/capacitor-wear-bridge/android/build/intermediates/manifest_merge_blame_file/release/manifest-merger-blame-release-report.txt
1<?xml version="1.0" encoding="utf-8"?>
2<manifest xmlns:android="http://schemas.android.com/apk/res/android"
3    package="com.rcoach.wearbridge" >
4
5    <uses-sdk android:minSdkVersion="26" />
6
7    <uses-permission android:name="android.permission.VIBRATE" />
7-->src\main\AndroidManifest.xml:2:5-66
7-->src\main\AndroidManifest.xml:2:22-63
8
9    <application>
9-->src\main\AndroidManifest.xml:3:5-11:19
10        <service
10-->src\main\AndroidManifest.xml:4:9-10:19
11            android:name="com.rcoach.wearbridge.PhoneWearSyncService"
11-->src\main\AndroidManifest.xml:5:13-49
12            android:exported="true" >
12-->src\main\AndroidManifest.xml:6:13-36
13            <intent-filter>
13-->src\main\AndroidManifest.xml:7:13-9:29
14                <action android:name="com.google.android.gms.wearable.BIND_LISTENER" />
14-->src\main\AndroidManifest.xml:8:17-88
14-->src\main\AndroidManifest.xml:8:25-85
15            </intent-filter>
16        </service>
17    </application>
18
19</manifest>